[2023-05-12 09:39:00] local.DEBUG: Process Apps dispatched  
[2023-05-12 09:39:01] local.DEBUG: Process Apps dispatched  
[2023-05-12 09:39:01] local.DEBUG: Update of all apps triggered!  
[2023-05-12 09:39:01] local.DEBUG: Update of all apps finished!  
[2023-05-12 09:39:01] local.DEBUG: Process Apps dispatched  
[2023-05-12 09:49:20] local.DEBUG: Process Apps dispatched  
[2023-05-12 09:49:52] local.DEBUG: Process Apps dispatched  
[2023-05-12 09:50:00] local.DEBUG: Process Apps dispatched  
[2023-05-12 09:50:03] local.DEBUG: Process Apps dispatched  
[2023-05-12 09:50:07] local.DEBUG: Process Apps dispatched  
[2023-05-12 09:50:08] local.DEBUG: Process Apps dispatched  
[2023-05-12 09:50:09] local.DEBUG: Process Apps dispatched  
[2023-05-12 09:50:10] local.DEBUG: Process Apps dispatched  
[2023-05-12 09:50:11] local.DEBUG: Process Apps dispatched  
[2023-05-12 09:50:12] local.DEBUG: Process Apps dispatched  
[2023-05-12 09:50:12] local.DEBUG: Process Apps dispatched  
[2023-05-12 09:50:13] local.DEBUG: Process Apps dispatched  
[2023-05-12 09:50:14] local.DEBUG: Process Apps dispatched  
[2023-05-12 09:58:06] local.ERROR: file_put_contents(/app/www/storage/framework/cache/data/f4/29/f4296a60f762a0cf41a0e9403543237d19996bf7): Failed to open stream: No such file or directory {"exception":"[object] (ErrorException(code: 0): file_put_contents(/app/www/storage/framework/cache/data/f4/29/f4296a60f762a0cf41a0e9403543237d19996bf7): Failed to open stream: No such file or directory at /app/www/vendor/laravel/framework/src/Illuminate/Filesystem/Filesystem.php:187)
[stacktrace]
#0 [internal function]: Illuminate\\Foundation\\Bootstrap\\HandleExceptions->handleError()
#1 /app/www/vendor/laravel/framework/src/Illuminate/Filesystem/Filesystem.php(187): file_put_contents()
#2 /app/www/vendor/laravel/framework/src/Illuminate/Cache/FileStore.php(77): Illuminate\\Filesystem\\Filesystem->put()
#3 /app/www/vendor/laravel/framework/src/Illuminate/Cache/FileStore.php(200): Illuminate\\Cache\\FileStore->put()
#4 /app/www/vendor/laravel/framework/src/Illuminate/Cache/CacheLock.php(49): Illuminate\\Cache\\FileStore->forever()
#5 /app/www/vendor/laravel/framework/src/Illuminate/Cache/Lock.php(90): Illuminate\\Cache\\CacheLock->acquire()
#6 /app/www/vendor/laravel/framework/src/Illuminate/Bus/UniqueLock.php(46): Illuminate\\Cache\\Lock->get()
#7 /app/www/vendor/laravel/framework/src/Illuminate/Foundation/Bus/PendingDispatch.php(164): Illuminate\\Bus\\UniqueLock->acquire()
#8 /app/www/vendor/laravel/framework/src/Illuminate/Foundation/Bus/PendingDispatch.php(188): Illuminate\\Foundation\\Bus\\PendingDispatch->shouldDispatch()
#9 /app/www/vendor/laravel/framework/src/Illuminate/Foundation/Bus/Dispatchable.php(17): Illuminate\\Foundation\\Bus\\PendingDispatch->__destruct()
#10 /app/www/app/Providers/AppServiceProvider.php(43): App\\Jobs\\ProcessApps::dispatch()
#11 /app/www/vendor/laravel/framework/src/Illuminate/Container/BoundMethod.php(36): App\\Providers\\AppServiceProvider->boot()
#12 /app/www/vendor/laravel/framework/src/Illuminate/Container/Util.php(40): Illuminate\\Container\\BoundMethod::Illuminate\\Container\\{closure}()
#13 /app/www/vendor/laravel/framework/src/Illuminate/Container/BoundMethod.php(93): Illuminate\\Container\\Util::unwrapIfClosure()
#14 /app/www/vendor/laravel/framework/src/Illuminate/Container/BoundMethod.php(37): Illuminate\\Container\\BoundMethod::callBoundMethod()
#15 /app/www/vendor/laravel/framework/src/Illuminate/Container/Container.php(653): Illuminate\\Container\\BoundMethod::call()
#16 /app/www/vendor/laravel/framework/src/Illuminate/Foundation/Application.php(924): Illuminate\\Container\\Container->call()
#17 /app/www/vendor/laravel/framework/src/Illuminate/Foundation/Application.php(905): Illuminate\\Foundation\\Application->bootProvider()
#18 [internal function]: Illuminate\\Foundation\\Application->Illuminate\\Foundation\\{closure}()
#19 /app/www/vendor/laravel/framework/src/Illuminate/Foundation/Application.php(906): array_walk()
#20 /app/www/vendor/laravel/framework/src/Illuminate/Foundation/Bootstrap/Boo[2023-05-12 10:16:08] local.DEBUG: Process Apps dispatched  
[2023-05-12 10:17:04] local.DEBUG: Process Apps dispatched  
[2023-05-12 10:17:06] local.DEBUG: Process Apps dispatched  
[2023-05-12 10:17:19] local.DEBUG: Process Apps dispatched  
[2023-05-12 10:17:19] local.DEBUG: Get app triggered for: 8a30fca9ea5b46722cbdad24c7470a442718cac8  
[2023-05-12 10:17:19] local.DEBUG: Download triggered for stdClass Object
(
    [appid] => 8a30fca9ea5b46722cbdad24c7470a442718cac8
    [name] => Homer
    [website] => https://github.com/bastienwirtz/homer
    [license] => Apache License 2.0
    [description] => A very simple static homepage for your server.
    [enhanced] => 
    [tile_background] => dark
    [icon] => homer.svg
    [sha] => 990c76392bc84c6f82abad1455badccb5c72129a
    [class] => \App\SupportedApps\Homer\Homer
)
  
[2023-05-12 10:17:46] local.DEBUG: Get app triggered for: 060b3b99f88e96085b4a68e095bc9e3d1d91e1bc  
[2023-05-12 10:17:46] local.DEBUG: Download triggered for stdClass Object
(
    [appid] => 060b3b99f88e96085b4a68e095bc9e3d1d91e1bc
    [name] => Gitea
    [website] => https://gitea.io
    [license] => MIT License
    [description] => Gitea is a community managed fork of Gogs, lightweight code hosting solution written in Go and published under the MIT license.
    [enhanced] => 
    [tile_background] => dark
    [icon] => gitea.svg
    [sha] => 9367839859b83454562a0dedf6eaea46947122ec
    [class] => \App\SupportedApps\Gitea\Gitea
)
  
[2023-05-12 10:18:05] local.DEBUG: Get app triggered for: f2baa52d02ca888455ce47823f47bf372d5eecb3  
[2023-05-12 10:18:05] local.DEBUG: Download triggered for stdClass Object
(
    [appid] => f2baa52d02ca888455ce47823f47bf372d5eecb3
    [name] => Nextcloud
    [website] => https://nextcloud.com
    [license] => GNU Affero General Public License v3.0 only
    [description] => Nextcloud is an open source, self-hosted file share and communication platform. Access and sync your files, contacts, calendars and communicate and collaborate across your devices.
    [enhanced] => 1
    [tile_background] => light
    [icon] => nextcloud.svg
    [config] => stdClass Object
        (
            [type] => basic_auth
            [additional_headers] => stdClass Object
                (
                    [OCS-APIRequest] => true
                )

            [stat1] => stdClass Object
                (
                    [name] => Total
                    [url] => :url:ocs/v1.php/cloud/users/:username:?format=json
                    [key] => ocs.data.quota.total
                    [filter] => size
                    [updateOnChange] => No
                    [suffix] => 
                )

            [stat2] => stdClass Object
                (
                    [name] => Used
                    [url] => :url:ocs/v1.php/cloud/users/:username:?format=json
                    [key] => ocs.data.quota.used
                    [filter] => size
                    [updateOnChange] => No
                    [suffix] => 
                )

        )

    [sha] => 154ab558feaa115ad0f510e6cf68466566a890de
    [class] => \App\SupportedApps\Nextcloud\Nextcloud
)
  
[2023-05-12 10:19:28] local.DEBUG: Get app triggered for: 51ca673ea8e89a868706fd309777a101ac63a409  
[2023-05-12 10:19:28] local.DEBUG: Download triggered for stdClass Object
(
    [appid] => 51ca673ea8e89a868706fd309777a101ac63a409
    [name] => phpMyAdmin
    [website] => https://www.phpmyadmin.net
    [license] => GNU General Public License, version 2
    [description] => phpMyAdmin is a free software tool written in PHP, intended to handle the administration of MySQL over the Web. phpMyAdmin supports a wide range of operations on MySQL and MariaDB. Frequently used operations (managing databases, tables, columns, relations, indexes, users, permissions, etc) can be performed via the user interface, while you still have the ability to directly execute any SQL statement.
    [enhanced] => 
    [tile_background] => light
    [icon] => phpmyadmin.png
    [sha] => 27a196e07ed93545a80f573a99bd2ed583ed7290
    [class] => \App\SupportedApps\phpMyAdmin\phpMyAdmin
)
  
[2023-05-12 10:20:18] local.DEBUG: Get app triggered for: b1909932aac1c5510c044de0cb8c0f3ef049a250  
[2023-05-12 10:20:18] local.DEBUG: Download triggered for stdClass Object
(
    [appid] => b1909932aac1c5510c044de0cb8c0f3ef049a250
    [name] => WordPress
    [website] => https://wordpress.org
    [license] => GNU General Public License v2.0 only
    [description] => WordPress is open source software you can use to create a beautiful website, blog, or app.
    [enhanced] => 
    [tile_background] => dark
    [icon] => wordpress.svg
    [sha] => 0ef26137a5179a972debc881a49dae7fd9c0f61d
    [class] => \App\SupportedApps\WordPress\WordPress
)
  
[2023-05-12 10:21:18] local.DEBUG: Get app triggered for: 6a8263e6e3ad594a12e111f0f952e4cc57fe5077  
[2023-05-12 10:21:18] local.DEBUG: Download triggered for stdClass Object
(
    [appid] => 6a8263e6e3ad594a12e111f0f952e4cc57fe5077
    [name] => phpLDAPadmin
    [website] => http://phpldapadmin.sourceforge.net/wiki/index.php/Main_Page
    [license] => GNU General Public License v2.0 or later
    [description] => phpLDAPadmin (also known as PLA) is a web-based LDAP client. It provides easy, anywhere-accessible, multi-language administration for your LDAP server.

Its hierarchical tree-viewer and advanced search functionality make it intuitive to browse and administer your LDAP directory. Since it is a web application, this LDAP browser works on many platforms, making your LDAP server easily manageable from any location.

phpLDAPadmin is the perfect LDAP browser for the LDAP professional and novice alike. Its user base consists mostly of LDAP administration professionals.
    [enhanced] => 
    [tile_background] => light
    [icon] => phpldapadmin.png
    [sha] => 5e28cc6266faa6dec9d56fa54469becf811cfca8
    [class] => \App\SupportedApps\phpLDAPadmin\phpLDAPadmin
)
  
[2023-05-12 10:21:34] local.DEBUG: Get app triggered for: 07b796b3a10eaa8b6f485ed2379187a39400b459  
[2023-05-12 10:21:34] local.DEBUG: Download triggered for stdClass Object
(
    [appid] => 07b796b3a10eaa8b6f485ed2379187a39400b459
    [name] => Portainer
    [website] => https://portainer.io
    [license] => zlib License
    [description] => Portainer is a simple management solution for Docker. Easily manage your Docker hosts and Docker Swarm clusters via Portainer web user interface.
    [enhanced] => 1
    [tile_background] => dark
    [icon] => portainer.svg
    [sha] => 94a81b07f372894d0b6db212e2bb33681a1c839c
    [class] => \App\SupportedApps\Portainer\Portainer
)
  
